[2020-12-14T17:12:32.101] [DEBUG] cheese - login => username:admin,password:123456
[2020-12-14T17:12:32.127] [DEBUG] cheese - admin
[2020-12-14T17:12:32.136] [DEBUG] cheese - { inspect: [Function: inspect] }
[2020-12-14T17:12:32.138] [DEBUG] cheese - 查询失败
[2020-12-15T11:26:24.837] [DEBUG] cheese - login => username:admin,password:123456
[2020-12-15T11:26:24.839] [DEBUG] cheese - admin
[2020-12-15T11:26:24.908] [DEBUG] cheese - { inspect: [Function: inspect] }
[2020-12-15T11:26:24.910] [DEBUG] cheese - 查询失败
[2020-12-15T11:26:36.913] [DEBUG] cheese - login => username:admin,password:qwe123
[2020-12-15T11:26:36.913] [DEBUG] cheese - admin
[2020-12-15T11:26:36.916] [DEBUG] cheese - { inspect: [Function: inspect] }
[2020-12-15T11:26:36.916] [DEBUG] cheese - 查询失败
[2020-12-15T11:26:48.848] [DEBUG] cheese - login => username:root,password:qwe123
[2020-12-15T11:26:48.848] [DEBUG] cheese - root
[2020-12-15T11:26:48.853] [DEBUG] cheese - { inspect: [Function: inspect] }
[2020-12-15T11:26:48.854] [DEBUG] cheese - 查询失败
[2020-12-15T11:27:09.945] [DEBUG] cheese - login => username:gkl,password:qwe123
[2020-12-15T11:27:09.945] [DEBUG] cheese - gkl
[2020-12-15T11:27:09.948] [DEBUG] cheese - { inspect: [Function: inspect] }
[2020-12-15T11:27:09.948] [DEBUG] cheese - 查询失败
[2020-12-15T11:49:06.598] [DEBUG] cheese - login => username:11111,password:11111111
[2020-12-15T11:49:06.599] [DEBUG] cheese - 11111
[2020-12-15T11:49:06.602] [DEBUG] cheese - { inspect: [Function: inspect] }
[2020-12-15T11:49:06.602] [DEBUG] cheese - 查询失败
[2020-12-15T11:51:36.257] [DEBUG] cheese - login => username:12345,password:12342421
[2020-12-15T11:51:36.257] [DEBUG] cheese - 12345
[2020-12-15T11:51:36.260] [DEBUG] cheese - { inspect: [Function: inspect] }
[2020-12-15T11:51:36.260] [DEBUG] cheese - 查询失败
[2020-12-15T11:51:50.878] [DEBUG] cheese - login => username:111111,password:11111111
[2020-12-15T11:51:50.878] [DEBUG] cheese - 111111
[2020-12-15T11:51:50.881] [DEBUG] cheese - { inspect: [Function: inspect] }
[2020-12-15T11:51:50.881] [DEBUG] cheese - 查询失败
[2020-12-15T12:06:34.531] [DEBUG] cheese - login => username:admin,password:123344
[2020-12-15T12:06:34.531] [DEBUG] cheese - admin
[2020-12-15T12:06:34.534] [DEBUG] cheese - { inspect: [Function: inspect] }
[2020-12-15T12:06:34.534] [DEBUG] cheese - 查询失败
[2020-12-15T12:14:14.326] [DEBUG] cheese - login => username:qwert,password:11111111
[2020-12-15T12:14:14.326] [DEBUG] cheese - qwert
[2020-12-15T12:14:15.330] [DEBUG] cheese - { inspect: [Function: inspect] }
[2020-12-15T12:14:15.331] [DEBUG] cheese - 查询失败
[2020-12-15T12:18:12.230] [DEBUG] cheese - login => username:qwert,password:11111111
[2020-12-15T12:18:12.232] [DEBUG] cheese - qwert
[2020-12-15T12:18:12.242] [DEBUG] cheese - { inspect: [Function: inspect] }
[2020-12-15T12:18:12.244] [DEBUG] cheese - 查询失败
[2020-12-15T12:21:58.191] [DEBUG] cheese - login => username:admin,password:123456
[2020-12-15T12:21:58.192] [DEBUG] cheese - admin
[2020-12-15T12:21:58.205] [DEBUG] cheese - null
[2020-12-15T12:21:58.206] [DEBUG] cheese - null
[2020-12-15T12:23:38.284] [DEBUG] cheese - login => username:111111,password:111111
[2020-12-15T12:23:38.284] [DEBUG] cheese - 111111
[2020-12-15T12:23:38.288] [DEBUG] cheese - null
[2020-12-15T12:23:38.288] [DEBUG] cheese - null
[2020-12-15T12:23:46.785] [DEBUG] cheese - login => username:admin,password:111111
[2020-12-15T12:23:46.785] [DEBUG] cheese - admin
[2020-12-15T12:23:46.791] [DEBUG] cheese - null
[2020-12-15T12:23:46.791] [DEBUG] cheese - null
[2020-12-15T12:24:08.930] [DEBUG] cheese - login => username:gklgkl,password:111111
[2020-12-15T12:24:08.930] [DEBUG] cheese - gklgkl
[2020-12-15T12:24:08.933] [DEBUG] cheese - null
[2020-12-15T12:24:08.933] [DEBUG] cheese - null
[2020-12-15T12:24:19.784] [DEBUG] cheese - login => username:gklgk,password:111111
[2020-12-15T12:24:19.784] [DEBUG] cheese - gklgk
[2020-12-15T12:24:19.788] [DEBUG] cheese - null
[2020-12-15T12:24:19.788] [DEBUG] cheese - null
[2020-12-15T12:24:26.142] [DEBUG] cheese - login => username:gklgkl,password:111111
[2020-12-15T12:24:26.143] [DEBUG] cheese - gklgkl
[2020-12-15T12:24:26.145] [DEBUG] cheese - null
[2020-12-15T12:24:26.145] [DEBUG] cheese - null
[2020-12-15T12:24:39.913] [DEBUG] cheese - login => username:gklgkl,password:111111
[2020-12-15T12:24:39.913] [DEBUG] cheese - gklgkl
[2020-12-15T12:24:39.916] [DEBUG] cheese - null
[2020-12-15T12:25:25.195] [DEBUG] cheese - login => username:admin,password:123456
[2020-12-15T12:25:25.196] [DEBUG] cheese - admin
[2020-12-15T12:25:25.205] [DEBUG] cheese - null
[2020-12-15T12:25:25.206] [DEBUG] cheese - null
[2020-12-15T12:25:33.352] [DEBUG] cheese - login => username:gklgkl,password:123456
[2020-12-15T12:25:33.352] [DEBUG] cheese - gklgkl
[2020-12-15T12:25:33.361] [DEBUG] cheese - null
[2020-12-15T12:25:44.323] [DEBUG] cheese - login => username:gklgkl,password:123456
[2020-12-15T12:25:44.325] [DEBUG] cheese - gklgkl
[2020-12-15T12:25:44.346] [DEBUG] cheese - null
[2020-12-15T12:26:06.322] [DEBUG] cheese - login => username:gklgkl,password:123456
[2020-12-15T12:26:06.324] [DEBUG] cheese - gklgkl
[2020-12-15T12:26:06.336] [DEBUG] cheese - null
[2020-12-15T12:26:06.337] [DEBUG] cheese - null
[2020-12-15T12:26:44.184] [DEBUG] cheese - login => username:gklgkl,password:123456
[2020-12-15T12:26:44.184] [DEBUG] cheese - gklgkl
[2020-12-15T12:26:44.197] [DEBUG] cheese - null
[2020-12-15T12:26:44.197] [DEBUG] cheese - null
[2020-12-15T12:26:53.408] [DEBUG] cheese - login => username:gklgklg,password:123456
[2020-12-15T12:26:53.409] [DEBUG] cheese - gklgklg
[2020-12-15T12:26:53.419] [DEBUG] cheese - null
[2020-12-15T12:26:53.419] [DEBUG] cheese - null
[2020-12-15T12:27:02.527] [DEBUG] cheese - login => username:gklgkl,password:123456
[2020-12-15T12:27:02.527] [DEBUG] cheese - gklgkl
[2020-12-15T12:27:02.530] [DEBUG] cheese - null
[2020-12-15T12:27:02.530] [DEBUG] cheese - null
[2020-12-15T12:28:28.713] [DEBUG] cheese - login => username:gklgkl,password:123456
[2020-12-15T12:28:28.713] [DEBUG] cheese - gklgkl
[2020-12-15T12:28:28.717] [DEBUG] cheese - null
[2020-12-15T12:28:39.754] [DEBUG] cheese - login => username:gklgkl,password:123456
[2020-12-15T12:28:39.756] [DEBUG] cheese - gklgkl
[2020-12-15T12:28:39.773] [DEBUG] cheese - null
[2020-12-15T12:30:13.415] [DEBUG] cheese - login => username:gklgkl,password:123456
[2020-12-15T12:30:13.417] [DEBUG] cheese - gklgkl
[2020-12-15T12:30:13.429] [DEBUG] cheese - null
[2020-12-15T12:30:25.376] [DEBUG] cheese - login => username:gklgkl,password:1234561
[2020-12-15T12:30:25.377] [DEBUG] cheese - gklgkl
[2020-12-15T12:30:25.398] [DEBUG] cheese - null
[2020-12-15T12:30:36.924] [DEBUG] cheese - login => username:gklgkl1,password:1234561
[2020-12-15T12:30:36.925] [DEBUG] cheese - gklgkl1
[2020-12-15T12:30:36.944] [DEBUG] cheese - null
[2020-12-15T12:30:36.945] [DEBUG] cheese - null
[2020-12-15T12:31:29.878] [DEBUG] cheese - login => username:gklgkl,password:1234561
[2020-12-15T12:31:29.878] [DEBUG] cheese - gklgkl
[2020-12-15T12:31:29.884] [DEBUG] cheese - null
[2020-12-15T12:31:29.884] [DEBUG] cheese - null
[2020-12-15T12:32:05.758] [DEBUG] cheese - login => username:gklgkl,password:1234561
[2020-12-15T12:32:05.758] [DEBUG] cheese - gklgkl
[2020-12-15T12:32:05.761] [DEBUG] cheese - null
[2020-12-15T12:32:18.221] [DEBUG] cheese - login => username:gklgkl,password:12345611
[2020-12-15T12:32:18.222] [DEBUG] cheese - gklgkl
[2020-12-15T12:32:18.234] [DEBUG] cheese - null
[2020-12-15T12:32:57.826] [DEBUG] cheese - login => username:aaaaaaa,password:12345611
[2020-12-15T12:32:57.828] [DEBUG] cheese - aaaaaaa
[2020-12-15T12:32:57.842] [DEBUG] cheese - null
[2020-12-15T12:32:57.842] [DEBUG] cheese - null
[2020-12-15T12:35:20.814] [DEBUG] cheese - login => username:admin,password:123456
[2020-12-15T12:35:20.815] [DEBUG] cheese - admin
[2020-12-15T12:35:20.823] [DEBUG] cheese - null
[2020-12-15T12:35:29.197] [DEBUG] cheese - login => username:admin,password:123456
[2020-12-15T12:35:29.199] [DEBUG] cheese - admin
[2020-12-15T12:35:29.211] [DEBUG] cheese - null
[2020-12-15T12:35:52.347] [DEBUG] cheese - login => username:aaaaa,password:123456
[2020-12-15T12:35:52.349] [DEBUG] cheese - aaaaa
[2020-12-15T12:35:52.362] [DEBUG] cheese - null
[2020-12-15T12:35:52.363] [DEBUG] cheese - null
[2020-12-15T12:41:37.974] [DEBUG] cheese - login => username:qwertt,password:11111111
[2020-12-15T12:41:37.974] [DEBUG] cheese - qwertt
[2020-12-15T12:41:37.977] [DEBUG] cheese - null
[2020-12-15T12:41:37.977] [DEBUG] cheese - null
[2020-12-15T12:42:06.936] [DEBUG] cheese - login => username:qwerty,password:1111111111
[2020-12-15T12:42:06.936] [DEBUG] cheese - qwerty
[2020-12-15T12:42:06.938] [DEBUG] cheese - null
[2020-12-15T12:42:06.938] [DEBUG] cheese - null
[2020-12-15T12:43:26.911] [DEBUG] cheese - login => username:qwerty,password:1111111111
[2020-12-15T12:43:26.911] [DEBUG] cheese - qwerty
[2020-12-15T12:43:26.914] [DEBUG] cheese - null
[2020-12-15T12:43:26.914] [DEBUG] cheese - null
[2020-12-15T12:44:42.951] [DEBUG] cheese - login => username:qwerty,password:1111111111
[2020-12-15T12:44:42.952] [DEBUG] cheese - qwerty
[2020-12-15T12:44:42.954] [DEBUG] cheese - null
[2020-12-15T12:44:42.954] [DEBUG] cheese - null
[2020-12-15T12:56:51.419] [DEBUG] cheese - login => username:qwerty,password:1111111111
[2020-12-15T12:56:51.420] [DEBUG] cheese - qwerty
[2020-12-15T12:56:51.427] [DEBUG] cheese - null
[2020-12-15T12:56:51.427] [DEBUG] cheese - null
[2020-12-15T13:04:17.136] [DEBUG] cheese - login => username:qwerty,password:1111111111
[2020-12-15T13:04:17.136] [DEBUG] cheese - qwerty
[2020-12-15T13:04:17.140] [DEBUG] cheese - null
[2020-12-15T13:04:17.140] [DEBUG] cheese - null
[2020-12-15T13:05:01.621] [DEBUG] cheese - login => username:qwerty,password:1111111111
[2020-12-15T13:05:01.621] [DEBUG] cheese - qwerty
[2020-12-15T13:05:01.625] [DEBUG] cheese - null
[2020-12-15T13:05:01.625] [DEBUG] cheese - null
[2020-12-15T13:37:03.337] [DEBUG] cheese - login => username:qwerty,password:1111111111
[2020-12-15T13:37:03.337] [DEBUG] cheese - qwerty
[2020-12-15T13:37:03.340] [DEBUG] cheese - null
[2020-12-15T13:37:03.340] [DEBUG] cheese - null
[2020-12-15T14:55:28.662] [DEBUG] cheese - login => username:qwerty,password:1111111111
[2020-12-15T14:55:28.662] [DEBUG] cheese - qwerty
[2020-12-15T14:55:28.665] [DEBUG] cheese - null
[2020-12-15T14:55:28.665] [DEBUG] cheese - null
[2020-12-15T15:02:43.300] [DEBUG] cheese - login => username:qwerty,password:1111111111
[2020-12-15T15:02:43.301] [DEBUG] cheese - qwerty
[2020-12-15T15:02:43.303] [DEBUG] cheese - null
[2020-12-15T15:02:43.303] [DEBUG] cheese - null
[2020-12-15T15:03:57.542] [DEBUG] cheese - login => username:qwerty,password:1111111111
[2020-12-15T15:03:57.542] [DEBUG] cheese - qwerty
[2020-12-15T15:03:57.544] [DEBUG] cheese - null
[2020-12-15T15:03:57.544] [DEBUG] cheese - null
[2020-12-15T15:04:18.417] [DEBUG] cheese - login => username:qwerty,password:1111111111
[2020-12-15T15:04:18.417] [DEBUG] cheese - qwerty
[2020-12-15T15:04:18.420] [DEBUG] cheese - null
[2020-12-15T15:04:18.420] [DEBUG] cheese - null
[2020-12-15T15:15:01.245] [DEBUG] cheese - login => username:qwerty,password:1111111111
[2020-12-15T15:15:01.245] [DEBUG] cheese - qwerty
[2020-12-15T15:15:01.248] [DEBUG] cheese - null
[2020-12-15T15:15:01.248] [DEBUG] cheese - null
[2020-12-15T15:50:53.805] [DEBUG] cheese - login => username:admin,password:123456
[2020-12-15T15:50:53.806] [DEBUG] cheese - admin
[2020-12-15T15:50:53.811] [DEBUG] cheese - null
[2020-12-15T15:50:53.811] [DEBUG] cheese - null
[2020-12-15T15:52:38.346] [DEBUG] cheese - login => username:qwerty,password:1111111111
[2020-12-15T15:52:38.346] [DEBUG] cheese - qwerty
[2020-12-15T15:52:38.349] [DEBUG] cheese - null
[2020-12-15T15:52:38.349] [DEBUG] cheese - null
[2020-12-15T15:53:59.704] [DEBUG] cheese - login => username:qwerty,password:1111111111
[2020-12-15T15:53:59.704] [DEBUG] cheese - qwerty
[2020-12-15T15:53:59.706] [DEBUG] cheese - null
[2020-12-15T15:53:59.706] [DEBUG] cheese - null
[2020-12-15T15:54:19.632] [DEBUG] cheese - login => username:admin,password:123456
[2020-12-15T15:54:19.632] [DEBUG] cheese - admin
[2020-12-15T15:54:19.634] [DEBUG] cheese - null
[2020-12-15T15:54:19.634] [DEBUG] cheese - null
[2020-12-15T15:54:24.589] [DEBUG] cheese - login => username:admin,password:123456
[2020-12-15T15:54:24.589] [DEBUG] cheese - admin
[2020-12-15T15:54:24.592] [DEBUG] cheese - null
[2020-12-15T15:54:24.592] [DEBUG] cheese - null
[2020-12-15T15:54:52.999] [DEBUG] cheese - login => username:admin,password:123456
[2020-12-15T15:54:52.999] [DEBUG] cheese - admin
[2020-12-15T15:54:53.002] [DEBUG] cheese - null
[2020-12-15T15:54:53.002] [DEBUG] cheese - null
[2020-12-15T15:54:58.878] [DEBUG] cheese - login => username:admin,password:123456
[2020-12-15T15:54:58.878] [DEBUG] cheese - admin
[2020-12-15T15:54:58.882] [DEBUG] cheese - null
[2020-12-15T15:54:58.882] [DEBUG] cheese - null
[2020-12-15T15:55:15.536] [DEBUG] cheese - login => username:admin,password:123456
[2020-12-15T15:55:15.536] [DEBUG] cheese - admin
[2020-12-15T15:55:15.539] [DEBUG] cheese - null
[2020-12-15T15:55:15.539] [DEBUG] cheese - null
[2020-12-15T15:55:34.039] [DEBUG] cheese - login => username:admin,password:1234561
[2020-12-15T15:55:34.039] [DEBUG] cheese - admin
[2020-12-15T15:55:34.041] [DEBUG] cheese - null
[2020-12-15T15:55:34.041] [DEBUG] cheese - null
[2020-12-15T15:56:51.903] [DEBUG] cheese - login => username:admin,password:123456
[2020-12-15T15:56:51.903] [DEBUG] cheese - admin
[2020-12-15T15:56:51.906] [DEBUG] cheese - null
[2020-12-15T15:56:51.906] [DEBUG] cheese - null
[2020-12-15T15:57:17.302] [DEBUG] cheese - login => username:admin,password:123456
[2020-12-15T15:57:17.302] [DEBUG] cheese - admin
[2020-12-15T15:57:17.316] [DEBUG] cheese - null
[2020-12-15T15:57:17.317] [DEBUG] cheese - null
[2020-12-15T15:57:23.445] [DEBUG] cheese - login => username:admin,password:1234561
[2020-12-15T15:57:23.445] [DEBUG] cheese - admin
[2020-12-15T15:57:23.447] [DEBUG] cheese - null
[2020-12-15T15:57:23.448] [DEBUG] cheese - null
[2020-12-15T15:57:45.844] [DEBUG] cheese - login => username:admin,password:123456
[2020-12-15T15:57:45.845] [DEBUG] cheese - admin
[2020-12-15T15:57:45.850] [DEBUG] cheese - null
[2020-12-15T15:57:45.850] [DEBUG] cheese - null
[2020-12-15T15:57:48.955] [DEBUG] cheese - login => username:admin,password:1234561
[2020-12-15T15:57:48.955] [DEBUG] cheese - admin
[2020-12-15T15:57:48.969] [DEBUG] cheese - null
[2020-12-15T15:57:48.969] [DEBUG] cheese - null
[2020-12-15T15:58:27.070] [DEBUG] cheese - login => username:admin,password:123456
[2020-12-15T15:58:27.070] [DEBUG] cheese - admin
[2020-12-15T15:58:27.073] [DEBUG] cheese - null
[2020-12-15T15:58:27.073] [DEBUG] cheese - null
[2020-12-15T15:58:30.502] [DEBUG] cheese - login => username:admin,password:1234561
[2020-12-15T15:58:30.502] [DEBUG] cheese - admin
[2020-12-15T15:58:30.514] [DEBUG] cheese - null
[2020-12-15T15:58:30.515] [DEBUG] cheese - null
[2020-12-15T15:58:37.781] [DEBUG] cheese - login => username:admin,password:123456
[2020-12-15T15:58:37.781] [DEBUG] cheese - admin
[2020-12-15T15:58:37.784] [DEBUG] cheese - null
[2020-12-15T15:58:37.784] [DEBUG] cheese - null
[2020-12-15T15:59:03.372] [DEBUG] cheese - login => username:admin,password:123456
[2020-12-15T15:59:03.372] [DEBUG] cheese - admin
[2020-12-15T15:59:03.376] [DEBUG] cheese - null
[2020-12-15T15:59:03.376] [DEBUG] cheese - null
[2020-12-15T15:59:39.749] [DEBUG] cheese - login => username:admin,password:123456
[2020-12-15T15:59:39.749] [DEBUG] cheese - admin
[2020-12-15T15:59:39.763] [DEBUG] cheese - null
[2020-12-15T15:59:39.763] [DEBUG] cheese - null
[2020-12-15T15:59:49.892] [DEBUG] cheese - login => username:admin,password:123456
[2020-12-15T15:59:49.892] [DEBUG] cheese - admin
[2020-12-15T15:59:49.894] [DEBUG] cheese - null
[2020-12-15T15:59:49.895] [DEBUG] cheese - null
[2020-12-15T16:05:14.729] [DEBUG] cheese - login => username:admin,password:123456
[2020-12-15T16:05:14.729] [DEBUG] cheese - admin
[2020-12-15T16:05:14.732] [DEBUG] cheese - null
[2020-12-15T16:05:14.732] [DEBUG] cheese - null
[2020-12-15T16:21:23.971] [DEBUG] cheese - login => username:admin,password:123456
[2020-12-15T16:21:23.972] [DEBUG] cheese - admin
[2020-12-15T16:21:23.985] [DEBUG] cheese - null
[2020-12-15T16:21:23.985] [DEBUG] cheese - null
[2020-12-15T17:46:25.701] [DEBUG] cheese - login => username:admin,password:123456
[2020-12-15T17:46:25.701] [DEBUG] cheese - admin
[2020-12-15T17:46:25.706] [DEBUG] cheese - null
[2020-12-15T17:46:25.706] [DEBUG] cheese - null
[2020-12-15T17:46:29.671] [DEBUG] cheese - login => username:admin,password:123456
[2020-12-15T17:46:29.672] [DEBUG] cheese - admin
[2020-12-15T17:46:29.674] [DEBUG] cheese - null
[2020-12-15T17:46:29.675] [DEBUG] cheese - null
[2020-12-15T17:52:38.271] [DEBUG] cheese - login => username:admin,password:123456
[2020-12-15T17:52:38.271] [DEBUG] cheese - admin
[2020-12-15T17:52:38.274] [DEBUG] cheese - null
[2020-12-15T17:52:38.274] [DEBUG] cheese - null
[2020-12-15T18:05:14.534] [DEBUG] cheese - login => username:admin,password:123456
[2020-12-15T18:05:14.535] [DEBUG] cheese - admin
[2020-12-15T18:05:15.540] [DEBUG] cheese - { inspect: [Function: inspect] }
[2020-12-15T18:05:15.542] [DEBUG] cheese - 查询失败
[2020-12-15T18:05:33.308] [DEBUG] cheese - login => username:admin,password:123456
[2020-12-15T18:05:33.308] [DEBUG] cheese - admin
[2020-12-15T18:05:34.310] [DEBUG] cheese - { inspect: [Function: inspect] }
[2020-12-15T18:05:34.310] [DEBUG] cheese - 查询失败
[2020-12-15T18:05:45.343] [DEBUG] cheese - login => username:admin,password:123456
[2020-12-15T18:05:45.344] [DEBUG] cheese - admin
[2020-12-15T18:05:46.349] [DEBUG] cheese - { inspect: [Function: inspect] }
[2020-12-15T18:05:46.349] [DEBUG] cheese - 查询失败
[2020-12-15T18:07:00.071] [DEBUG] cheese - login => username:admin,password:123456
[2020-12-15T18:07:00.072] [DEBUG] cheese - admin
[2020-12-15T18:07:00.226] [DEBUG] cheese - null
[2020-12-15T18:07:00.226] [DEBUG] cheese - null
[2020-12-15T18:16:41.010] [DEBUG] cheese - login => username:admin,password:123456
[2020-12-15T18:16:41.011] [DEBUG] cheese - admin
[2020-12-15T18:16:41.015] [DEBUG] cheese - null
[2020-12-15T18:16:41.015] [DEBUG] cheese - null
[2020-12-15T23:12:04.225] [DEBUG] cheese - login => username:admin,password:123456
[2020-12-15T23:12:04.378] [DEBUG] cheese - admin
[2020-12-15T23:12:04.828] [DEBUG] cheese - null
[2020-12-15T23:12:04.837] [DEBUG] cheese - null
[2020-12-16T11:03:34.961] [DEBUG] cheese - login => username:admin,password:123456
[2020-12-16T11:03:34.963] [DEBUG] cheese - admin
[2020-12-16T11:03:35.080] [DEBUG] cheese - null
[2020-12-16T11:03:35.080] [DEBUG] cheese - null
[2020-12-16T14:57:17.221] [DEBUG] cheese - login => username:admin,password:123456
[2020-12-16T14:57:17.221] [DEBUG] cheese - admin
[2020-12-16T14:57:17.224] [DEBUG] cheese - null
[2020-12-16T14:57:17.224] [DEBUG] cheese - null
[2020-12-16T16:17:39.435] [DEBUG] cheese - login => username:admin,password:1234561
[2020-12-16T16:17:39.436] [DEBUG] cheese - admin
[2020-12-16T16:17:39.439] [DEBUG] cheese - null
[2020-12-16T16:17:39.439] [DEBUG] cheese - null
[2020-12-16T16:17:44.010] [DEBUG] cheese - login => username:admin,password:123456
[2020-12-16T16:17:44.010] [DEBUG] cheese - admin
[2020-12-16T16:17:44.018] [DEBUG] cheese - null
[2020-12-16T16:17:44.018] [DEBUG] cheese - null
[2020-12-16T16:27:44.894] [DEBUG] cheese - login => username:admin,password:123456
[2020-12-16T16:27:44.914] [DEBUG] cheese - admin
[2020-12-16T16:27:44.927] [DEBUG] cheese - null
[2020-12-16T16:27:44.928] [DEBUG] cheese - null
[2020-12-16T16:38:21.083] [DEBUG] cheese - login => username:admin,password:123456
[2020-12-16T16:38:21.083] [DEBUG] cheese - admin
[2020-12-16T16:38:21.085] [DEBUG] cheese - null
[2020-12-16T16:38:21.085] [DEBUG] cheese - null
[2020-12-16T21:41:11.242] [DEBUG] cheese - login => username:admin,password:123456
[2020-12-16T21:41:11.242] [DEBUG] cheese - admin
[2020-12-16T21:41:11.246] [DEBUG] cheese - null
[2020-12-16T21:41:11.246] [DEBUG] cheese - null
